mode: atomic
github.com/BlurredDev/go-kafka-gateway/cmd/gateway/main.go:13.35,21.92 6 3
github.com/BlurredDev/go-kafka-gateway/cmd/gateway/main.go:21.92,23.3 1 2
github.com/BlurredDev/go-kafka-gateway/cmd/gateway/main.go:25.2,26.45 2 3
github.com/BlurredDev/go-kafka-gateway/cmd/gateway/main.go:29.27,32.2 2 2
github.com/BlurredDev/go-kafka-gateway/cmd/gateway/main.go:34.13,35.39 1 1
github.com/BlurredDev/go-kafka-gateway/cmd/gateway/main.go:35.39,37.3 1 1
github.com/BlurredDev/go-kafka-gateway/internal/config/config.go:12.20,19.2 1 2
github.com/BlurredDev/go-kafka-gateway/internal/config/config.go:21.42,22.38 1 8
github.com/BlurredDev/go-kafka-gateway/internal/config/config.go:22.38,24.3 1 0
github.com/BlurredDev/go-kafka-gateway/internal/config/config.go:25.2,25.17 1 8
github.com/BlurredDev/go-kafka-gateway/internal/handler/health.go:11.40,13.2 1 3
github.com/BlurredDev/go-kafka-gateway/internal/handler/health.go:16.75,19.2 2 0
github.com/BlurredDev/go-kafka-gateway/internal/handler/publish.go:16.57,17.54 1 7
github.com/BlurredDev/go-kafka-gateway/internal/handler/publish.go:17.54,19.35 2 4
github.com/BlurredDev/go-kafka-gateway/internal/handler/publish.go:19.35,22.4 2 2
github.com/BlurredDev/go-kafka-gateway/internal/handler/publish.go:23.3,25.24 2 2
github.com/BlurredDev/go-kafka-gateway/internal/handler/publish.go:25.24,28.4 2 0
github.com/BlurredDev/go-kafka-gateway/internal/handler/publish.go:30.3,31.26 2 2
github.com/BlurredDev/go-kafka-gateway/internal/handler/publish.go:31.26,33.4 1 2
github.com/BlurredDev/go-kafka-gateway/internal/handler/publish.go:35.3,35.58 1 2
github.com/BlurredDev/go-kafka-gateway/internal/handler/publish.go:35.58,39.4 3 0
github.com/BlurredDev/go-kafka-gateway/internal/handler/publish.go:41.3,41.37 1 2
github.com/BlurredDev/go-kafka-gateway/internal/kafka/producer.go:19.60,34.2 1 3
github.com/BlurredDev/go-kafka-gateway/internal/kafka/producer.go:36.69,49.38 3 0
github.com/BlurredDev/go-kafka-gateway/internal/kafka/producer.go:49.38,52.20 3 0
github.com/BlurredDev/go-kafka-gateway/internal/kafka/producer.go:52.20,54.4 1 0
github.com/BlurredDev/go-kafka-gateway/internal/kafka/producer.go:55.3,55.13 1 0
github.com/BlurredDev/go-kafka-gateway/internal/kafka/producer.go:58.2,58.12 1 0
github.com/BlurredDev/go-kafka-gateway/internal/kafka/producer.go:61.34,62.24 1 2
github.com/BlurredDev/go-kafka-gateway/internal/kafka/producer.go:62.24,64.3 1 2
github.com/BlurredDev/go-kafka-gateway/internal/kafka/producer.go:65.2,65.29 1 2
github.com/BlurredDev/go-kafka-gateway/cmd/gateway/main.go:13.35,21.92 6 0
github.com/BlurredDev/go-kafka-gateway/cmd/gateway/main.go:21.92,23.3 1 0
github.com/BlurredDev/go-kafka-gateway/cmd/gateway/main.go:25.2,26.45 2 0
github.com/BlurredDev/go-kafka-gateway/cmd/gateway/main.go:29.27,32.2 2 0
github.com/BlurredDev/go-kafka-gateway/cmd/gateway/main.go:34.13,35.39 1 0
github.com/BlurredDev/go-kafka-gateway/cmd/gateway/main.go:35.39,37.3 1 0
github.com/BlurredDev/go-kafka-gateway/internal/config/config.go:12.20,19.2 1 0
github.com/BlurredDev/go-kafka-gateway/internal/config/config.go:21.42,22.38 1 0
github.com/BlurredDev/go-kafka-gateway/internal/config/config.go:22.38,24.3 1 0
github.com/BlurredDev/go-kafka-gateway/internal/config/config.go:25.2,25.17 1 0
github.com/BlurredDev/go-kafka-gateway/internal/handler/health.go:11.40,13.2 1 0
github.com/BlurredDev/go-kafka-gateway/internal/handler/health.go:16.75,19.2 2 0
github.com/BlurredDev/go-kafka-gateway/internal/handler/publish.go:16.57,17.54 1 0
github.com/BlurredDev/go-kafka-gateway/internal/handler/publish.go:17.54,19.35 2 0
github.com/BlurredDev/go-kafka-gateway/internal/handler/publish.go:19.35,22.4 2 0
github.com/BlurredDev/go-kafka-gateway/internal/handler/publish.go:23.3,25.24 2 0
github.com/BlurredDev/go-kafka-gateway/internal/handler/publish.go:25.24,28.4 2 0
github.com/BlurredDev/go-kafka-gateway/internal/handler/publish.go:30.3,31.26 2 0
github.com/BlurredDev/go-kafka-gateway/internal/handler/publish.go:31.26,33.4 1 0
github.com/BlurredDev/go-kafka-gateway/internal/handler/publish.go:35.3,35.58 1 0
github.com/BlurredDev/go-kafka-gateway/internal/handler/publish.go:35.58,39.4 3 0
github.com/BlurredDev/go-kafka-gateway/internal/handler/publish.go:41.3,41.37 1 0
github.com/BlurredDev/go-kafka-gateway/internal/kafka/producer.go:19.60,34.2 1 1
github.com/BlurredDev/go-kafka-gateway/internal/kafka/producer.go:36.69,49.38 3 3
github.com/BlurredDev/go-kafka-gateway/internal/kafka/producer.go:49.38,52.20 3 2
github.com/BlurredDev/go-kafka-gateway/internal/kafka/producer.go:52.20,54.4 1 1
github.com/BlurredDev/go-kafka-gateway/internal/kafka/producer.go:55.3,55.13 1 2
github.com/BlurredDev/go-kafka-gateway/internal/kafka/producer.go:58.2,58.12 1 1
github.com/BlurredDev/go-kafka-gateway/internal/kafka/producer.go:61.34,62.24 1 1
github.com/BlurredDev/go-kafka-gateway/internal/kafka/producer.go:62.24,64.3 1 1
github.com/BlurredDev/go-kafka-gateway/internal/kafka/producer.go:65.2,65.29 1 1
github.com/BlurredDev/go-kafka-gateway/cmd/gateway/main.go:13.35,21.92 6 0
github.com/BlurredDev/go-kafka-gateway/cmd/gateway/main.go:21.92,23.3 1 0
github.com/BlurredDev/go-kafka-gateway/cmd/gateway/main.go:25.2,26.45 2 0
github.com/BlurredDev/go-kafka-gateway/cmd/gateway/main.go:29.27,32.2 2 0
github.com/BlurredDev/go-kafka-gateway/cmd/gateway/main.go:34.13,35.39 1 0
github.com/BlurredDev/go-kafka-gateway/cmd/gateway/main.go:35.39,37.3 1 0
github.com/BlurredDev/go-kafka-gateway/internal/config/config.go:12.20,19.2 1 0
github.com/BlurredDev/go-kafka-gateway/internal/config/config.go:21.42,22.38 1 0
github.com/BlurredDev/go-kafka-gateway/internal/config/config.go:22.38,24.3 1 0
github.com/BlurredDev/go-kafka-gateway/internal/config/config.go:25.2,25.17 1 0
github.com/BlurredDev/go-kafka-gateway/internal/handler/health.go:11.40,13.2 1 1
github.com/BlurredDev/go-kafka-gateway/internal/handler/health.go:16.75,19.2 2 1
github.com/BlurredDev/go-kafka-gateway/internal/handler/publish.go:16.57,17.54 1 8
github.com/BlurredDev/go-kafka-gateway/internal/handler/publish.go:17.54,19.35 2 8
github.com/BlurredDev/go-kafka-gateway/internal/handler/publish.go:19.35,22.4 2 2
github.com/BlurredDev/go-kafka-gateway/internal/handler/publish.go:23.3,25.24 2 6
github.com/BlurredDev/go-kafka-gateway/internal/handler/publish.go:25.24,28.4 2 1
github.com/BlurredDev/go-kafka-gateway/internal/handler/publish.go:30.3,31.26 2 5
github.com/BlurredDev/go-kafka-gateway/internal/handler/publish.go:31.26,33.4 1 4
github.com/BlurredDev/go-kafka-gateway/internal/handler/publish.go:35.3,35.58 1 5
github.com/BlurredDev/go-kafka-gateway/internal/handler/publish.go:35.58,39.4 3 1
github.com/BlurredDev/go-kafka-gateway/internal/handler/publish.go:41.3,41.37 1 4
github.com/BlurredDev/go-kafka-gateway/internal/kafka/producer.go:19.60,34.2 1 0
github.com/BlurredDev/go-kafka-gateway/internal/kafka/producer.go:36.69,49.38 3 0
github.com/BlurredDev/go-kafka-gateway/internal/kafka/producer.go:49.38,52.20 3 0
github.com/BlurredDev/go-kafka-gateway/internal/kafka/producer.go:52.20,54.4 1 0
github.com/BlurredDev/go-kafka-gateway/internal/kafka/producer.go:55.3,55.13 1 0
github.com/BlurredDev/go-kafka-gateway/internal/kafka/producer.go:58.2,58.12 1 0
github.com/BlurredDev/go-kafka-gateway/internal/kafka/producer.go:61.34,62.24 1 0
github.com/BlurredDev/go-kafka-gateway/internal/kafka/producer.go:62.24,64.3 1 0
github.com/BlurredDev/go-kafka-gateway/internal/kafka/producer.go:65.2,65.29 1 0
github.com/BlurredDev/go-kafka-gateway/cmd/gateway/main.go:13.35,21.92 6 0
github.com/BlurredDev/go-kafka-gateway/cmd/gateway/main.go:21.92,23.3 1 0
github.com/BlurredDev/go-kafka-gateway/cmd/gateway/main.go:25.2,26.45 2 0
github.com/BlurredDev/go-kafka-gateway/cmd/gateway/main.go:29.27,32.2 2 0
github.com/BlurredDev/go-kafka-gateway/cmd/gateway/main.go:34.13,35.39 1 0
github.com/BlurredDev/go-kafka-gateway/cmd/gateway/main.go:35.39,37.3 1 0
github.com/BlurredDev/go-kafka-gateway/internal/config/config.go:12.20,19.2 1 2
github.com/BlurredDev/go-kafka-gateway/internal/config/config.go:21.42,22.38 1 8
github.com/BlurredDev/go-kafka-gateway/internal/config/config.go:22.38,24.3 1 3
github.com/BlurredDev/go-kafka-gateway/internal/config/config.go:25.2,25.17 1 5
github.com/BlurredDev/go-kafka-gateway/internal/handler/health.go:11.40,13.2 1 0
github.com/BlurredDev/go-kafka-gateway/internal/handler/health.go:16.75,19.2 2 0
github.com/BlurredDev/go-kafka-gateway/internal/handler/publish.go:16.57,17.54 1 0
github.com/BlurredDev/go-kafka-gateway/internal/handler/publish.go:17.54,19.35 2 0
github.com/BlurredDev/go-kafka-gateway/internal/handler/publish.go:19.35,22.4 2 0
github.com/BlurredDev/go-kafka-gateway/internal/handler/publish.go:23.3,25.24 2 0
github.com/BlurredDev/go-kafka-gateway/internal/handler/publish.go:25.24,28.4 2 0
github.com/BlurredDev/go-kafka-gateway/internal/handler/publish.go:30.3,31.26 2 0
github.com/BlurredDev/go-kafka-gateway/internal/handler/publish.go:31.26,33.4 1 0
github.com/BlurredDev/go-kafka-gateway/internal/handler/publish.go:35.3,35.58 1 0
github.com/BlurredDev/go-kafka-gateway/internal/handler/publish.go:35.58,39.4 3 0
github.com/BlurredDev/go-kafka-gateway/internal/handler/publish.go:41.3,41.37 1 0
github.com/BlurredDev/go-kafka-gateway/internal/kafka/producer.go:19.60,34.2 1 0
github.com/BlurredDev/go-kafka-gateway/internal/kafka/producer.go:36.69,49.38 3 0
github.com/BlurredDev/go-kafka-gateway/internal/kafka/producer.go:49.38,52.20 3 0
github.com/BlurredDev/go-kafka-gateway/internal/kafka/producer.go:52.20,54.4 1 0
github.com/BlurredDev/go-kafka-gateway/internal/kafka/producer.go:55.3,55.13 1 0
github.com/BlurredDev/go-kafka-gateway/internal/kafka/producer.go:58.2,58.12 1 0
github.com/BlurredDev/go-kafka-gateway/internal/kafka/producer.go:61.34,62.24 1 0
github.com/BlurredDev/go-kafka-gateway/internal/kafka/producer.go:62.24,64.3 1 0
github.com/BlurredDev/go-kafka-gateway/internal/kafka/producer.go:65.2,65.29 1 0
